<?xml version="1.0" encoding="UTF-8"?>
<robot generator="Robot 3.0.4 (Python 3.6.6 on win32)" generated="20181027 17:18:41.049">
<suite id="s1" name="Hackerschool" source="C:\Users\User\eclipse-workspace\hackerschool">
<suite id="s1-s1" name="Homework Lesson2" source="C:\Users\User\eclipse-workspace\hackerschool\homework_lesson2.robot">
<test id="s1-s1-t1" name="Input Value">
<kw name="Log" library="BuiltIn" type="setup">
<doc>Logs the given message with the given level.</doc>
<arguments>
<arg>Setup</arg>
</arguments>
<msg timestamp="20181027 17:18:41.324" level="INFO">Setup</msg>
<status status="PASS" starttime="20181027 17:18:41.324" endtime="20181027 17:18:41.324"></status>
</kw>
<kw name="Input Value From User">
<kw name="Get Value From User" library="Dialogs">
<doc>Pauses test execution and asks user to input a value.</doc>
<arguments>
<arg>Input your value</arg>
<arg>Type...</arg>
</arguments>
<assign>
<var>${user_value}</var>
</assign>
<msg timestamp="20181027 17:18:46.150" level="INFO">${user_value} = Hackerschool</msg>
<status status="PASS" starttime="20181027 17:18:41.325" endtime="20181027 17:18:46.151"></status>
</kw>
<kw name="Should Be Equal As Strings" library="BuiltIn">
<doc>Fails if objects are unequal after converting them to strings.</doc>
<arguments>
<arg>${user_value}</arg>
<arg>${expected_value}</arg>
</arguments>
<status status="PASS" starttime="20181027 17:18:46.152" endtime="20181027 17:18:46.153"></status>
</kw>
<status status="PASS" starttime="20181027 17:18:41.325" endtime="20181027 17:18:46.153"></status>
</kw>
<kw name="Log" library="BuiltIn" type="teardown">
<doc>Logs the given message with the given level.</doc>
<arguments>
<arg>Teardown</arg>
</arguments>
<msg timestamp="20181027 17:18:46.153" level="INFO">Teardown</msg>
<status status="PASS" starttime="20181027 17:18:46.153" endtime="20181027 17:18:46.160"></status>
</kw>
<status status="PASS" starttime="20181027 17:18:41.323" endtime="20181027 17:18:46.162" critical="yes"></status>
</test>
<status status="PASS" starttime="20181027 17:18:41.114" endtime="20181027 17:18:46.163"></status>
</suite>
<status status="PASS" starttime="20181027 17:18:41.090" endtime="20181027 17:18:46.167"></status>
</suite>
<statistics>
<total>
<stat pass="1" fail="0">Critical Tests</stat>
<stat pass="1" fail="0">All Tests</stat>
</total>
<tag>
</tag>
<suite>
<stat pass="1" fail="0" id="s1" name="Hackerschool">Hackerschool</stat>
<stat pass="1" fail="0" id="s1-s1" name="Homework Lesson2">Hackerschool.Homework Lesson2</stat>
</suite>
</statistics>
<errors>
</errors>
</robot>
