<?xml version="1.0" encoding="UTF-8"?>
<robot generator="Robot 3.0.4 (Python 3.6.6 on win32)" generated="20181112 19:45:26.174">
<suite id="s1" name="Hackerschool" source="C:\Users\User\eclipse-workspace\hackerschool">
<suite id="s1-s1" name="Tests" source="C:\Users\User\eclipse-workspace\hackerschool\Tests">
<suite id="s1-s1-s1" name="Workshop 5" source="C:\Users\User\eclipse-workspace\hackerschool\Tests\Workshop_5">
<suite id="s1-s1-s1-s1" name="Workshop" source="C:\Users\User\eclipse-workspace\hackerschool\Tests\Workshop_5\Workshop">
<suite id="s1-s1-s1-s1-s1" name="Api Tests" source="C:\Users\User\eclipse-workspace\hackerschool\Tests\Workshop_5\Workshop\Api_Tests.robot">
<test id="s1-s1-s1-s1-s1-t1" name="Create New User">
<kw name="${user} IN [ &amp;{new_test_users} ]" type="for">
<msg timestamp="20181112 19:45:27.102" level="FAIL">Value of variable '&amp;{new_test_users}' is not dictionary or dictionary-like.</msg>
<status status="FAIL" starttime="20181112 19:45:27.101" endtime="20181112 19:45:27.102"></status>
</kw>
<kw name="Output" library="REST" type="teardown">
<tags>
<tag>I/O</tag>
</tags>
<doc>*Outputs JSON to terminal or a file.*</doc>
<arguments>
<arg>response</arg>
<arg>${OUTPUTDIR}/response.json</arg>
</arguments>
<msg timestamp="20181112 19:45:27.102" level="FAIL">No instances: No requests made, and no previous instances loaded in the library import.</msg>
<status status="FAIL" starttime="20181112 19:45:27.102" endtime="20181112 19:45:27.102">No instances: No requests made, and no previous instances loaded in the library import.</status>
</kw>
<status status="FAIL" starttime="20181112 19:45:27.101" endtime="20181112 19:45:27.102" critical="yes">Value of variable '&amp;{new_test_users}' is not dictionary or dictionary-like.

Also teardown failed:
No instances: No requests made, and no previous instances loaded in the library import.</status>
</test>
<status status="FAIL" starttime="20181112 19:45:26.674" endtime="20181112 19:45:27.102"></status>
</suite>
<status status="FAIL" starttime="20181112 19:45:26.658" endtime="20181112 19:45:27.102"></status>
</suite>
<status status="FAIL" starttime="20181112 19:45:26.658" endtime="20181112 19:45:27.102"></status>
</suite>
<status status="FAIL" starttime="20181112 19:45:26.658" endtime="20181112 19:45:27.102"></status>
</suite>
<status status="FAIL" starttime="20181112 19:45:26.642" endtime="20181112 19:45:27.102"></status>
</suite>
<statistics>
<total>
<stat pass="0" fail="1">Critical Tests</stat>
<stat pass="0" fail="1">All Tests</stat>
</total>
<tag>
</tag>
<suite>
<stat pass="0" fail="1" id="s1" name="Hackerschool">Hackerschool</stat>
<stat pass="0" fail="1" id="s1-s1" name="Tests">Hackerschool.Tests</stat>
<stat pass="0" fail="1" id="s1-s1-s1" name="Workshop 5">Hackerschool.Tests.Workshop 5</stat>
<stat pass="0" fail="1" id="s1-s1-s1-s1" name="Workshop">Hackerschool.Tests.Workshop 5.Workshop</stat>
<stat pass="0" fail="1" id="s1-s1-s1-s1-s1" name="Api Tests">Hackerschool.Tests.Workshop 5.Workshop.Api Tests</stat>
</suite>
</statistics>
<errors>
</errors>
</robot>
