<?xml version="1.0" encoding="UTF-8"?>
<robot generator="Robot 3.0.4 (Python 3.6.6 on win32)" generated="20181103 14:04:49.369">
<suite id="s1" name="Hackerschool" source="C:\Users\User\eclipse-workspace\hackerschool">
<suite id="s1-s1" name="Tests" source="C:\Users\User\eclipse-workspace\hackerschool\Tests">
<suite id="s1-s1-s1" name="Workshop 3" source="C:\Users\User\eclipse-workspace\hackerschool\Tests\Workshop_3">
<suite id="s1-s1-s1-s1" name="Workshop" source="C:\Users\User\eclipse-workspace\hackerschool\Tests\Workshop_3\Workshop">
<suite id="s1-s1-s1-s1-s1" name="Mahara Test" source="C:\Users\User\eclipse-workspace\hackerschool\Tests\Workshop_3\Workshop\mahara_test.robot">
<test id="s1-s1-s1-s1-s1-t1" name="Mahara Invalid Login">
<kw name="Open Browser To Mahara" library="Mahara_Keywords" type="setup">
<kw name="Open Browser" library="SeleniumLibrary">
<doc>Opens a new browser instance to the given ``url``.</doc>
<arguments>
<arg>https://demo.mahara.org/</arg>
<arg>chrome</arg>
</arguments>
<msg timestamp="20181103 14:04:50.356" level="INFO">Opening browser 'chrome' to base url 'https://demo.mahara.org/'.</msg>
<status status="PASS" starttime="20181103 14:04:50.355" endtime="20181103 14:05:08.108"></status>
</kw>
<kw name="Maximize Browser Window" library="SeleniumLibrary">
<doc>Maximizes current browser window.</doc>
<status status="PASS" starttime="20181103 14:05:08.109" endtime="20181103 14:05:09.232"></status>
</kw>
<status status="PASS" starttime="20181103 14:04:50.355" endtime="20181103 14:05:09.232"></status>
</kw>
<kw name="Login To Mahara" library="Mahara_Keywords">
<arguments>
<arg>Admin</arg>
<arg>MaharaDemo</arg>
</arguments>
<kw name="Input Text" library="SeleniumLibrary">
<doc>Types the given ``text`` into text field identified by ``locator``.</doc>
<arguments>
<arg>id=login_login_username</arg>
<arg>${users}</arg>
</arguments>
<msg timestamp="20181103 14:05:09.233" level="INFO">Typing text '['Admin', 'MaharaDemo']' into text field 'id=login_login_username'.</msg>
<status status="PASS" starttime="20181103 14:05:09.233" endtime="20181103 14:05:09.401"></status>
</kw>
<kw name="Input Password" library="SeleniumLibrary">
<doc>Types the given password into text field identified by ``locator``.</doc>
<arguments>
<arg>name=login_password</arg>
<arg>${passwords}</arg>
</arguments>
<msg timestamp="20181103 14:05:09.402" level="INFO">Typing password into text field 'name=login_password'.</msg>
<status status="PASS" starttime="20181103 14:05:09.402" endtime="20181103 14:05:09.494"></status>
</kw>
<kw name="Click Button" library="SeleniumLibrary">
<doc>Clicks button identified by ``locator``.</doc>
<arguments>
<arg>id=login_submit</arg>
</arguments>
<msg timestamp="20181103 14:05:09.495" level="INFO">Clicking button 'id=login_submit'.</msg>
<status status="PASS" starttime="20181103 14:05:09.495" endtime="20181103 14:05:11.192"></status>
</kw>
<status status="PASS" starttime="20181103 14:05:09.232" endtime="20181103 14:05:11.192"></status>
</kw>
<kw name="Wait Until Page Contains Element" library="SeleniumLibrary">
<doc>Waits until element ``locator`` appears on current page.</doc>
<arguments>
<arg>id=messages</arg>
</arguments>
<status status="PASS" starttime="20181103 14:05:11.193" endtime="20181103 14:05:11.215"></status>
</kw>
<kw name="Page Should Contain" library="SeleniumLibrary">
<doc>Verifies that current page contains ``text``.</doc>
<arguments>
<arg>You have not provided the correct credentials to log in. Please check your username and password are correct.</arg>
</arguments>
<msg timestamp="20181103 14:05:11.239" level="INFO">Current page contains text 'You have not provided the correct credentials to log in. Please check your username and password are correct.'.</msg>
<status status="PASS" starttime="20181103 14:05:11.215" endtime="20181103 14:05:11.239"></status>
</kw>
<kw name="Page Should Contain" library="SeleniumLibrary">
<doc>Verifies that current page contains ``text``.</doc>
<arguments>
<arg>There was an error with submitting this form. Please check the marked fields and try again.</arg>
</arguments>
<msg timestamp="20181103 14:05:11.264" level="INFO">Current page contains text 'There was an error with submitting this form. Please check the marked fields and try again.'.</msg>
<status status="PASS" starttime="20181103 14:05:11.239" endtime="20181103 14:05:11.265"></status>
</kw>
<kw name="Capture Screenshot And Close Browser" library="Mahara_Keywords" type="teardown">
<kw name="Capture Page Screenshot" library="SeleniumLibrary">
<doc>Takes screenshot of the current page and embeds it into log file.</doc>
<msg timestamp="20181103 14:05:11.603" level="INFO" html="yes">&lt;/td&gt;&lt;/tr&gt;&lt;tr&gt;&lt;td colspan="3"&gt;&lt;a href="selenium-screenshot-9.png"&gt;&lt;img src="selenium-screenshot-9.png" width="800px"&gt;&lt;/a&gt;</msg>
<status status="PASS" starttime="20181103 14:05:11.266" endtime="20181103 14:05:11.603"></status>
</kw>
<kw name="Close Browser" library="SeleniumLibrary">
<doc>Closes the current browser.</doc>
<status status="PASS" starttime="20181103 14:05:11.604" endtime="20181103 14:05:13.744"></status>
</kw>
<status status="PASS" starttime="20181103 14:05:11.265" endtime="20181103 14:05:13.744"></status>
</kw>
<status status="PASS" starttime="20181103 14:04:50.354" endtime="20181103 14:05:13.745" critical="yes"></status>
</test>
<test id="s1-s1-s1-s1-s1-t2" name="Mahara Admin Login">
<kw name="Open Browser To Mahara" library="Mahara_Keywords" type="setup">
<kw name="Open Browser" library="SeleniumLibrary">
<doc>Opens a new browser instance to the given ``url``.</doc>
<arguments>
<arg>https://demo.mahara.org/</arg>
<arg>chrome</arg>
</arguments>
<msg timestamp="20181103 14:05:13.748" level="INFO">Opening browser 'chrome' to base url 'https://demo.mahara.org/'.</msg>
<status status="PASS" starttime="20181103 14:05:13.747" endtime="20181103 14:05:16.965"></status>
</kw>
<kw name="Maximize Browser Window" library="SeleniumLibrary">
<doc>Maximizes current browser window.</doc>
<status status="PASS" starttime="20181103 14:05:16.966" endtime="20181103 14:05:18.087"></status>
</kw>
<status status="PASS" starttime="20181103 14:05:13.747" endtime="20181103 14:05:18.088"></status>
</kw>
<kw name="Login To Mahara" library="Mahara_Keywords">
<arguments>
<arg>Admin</arg>
<arg>MaharaDemo</arg>
</arguments>
<kw name="Input Text" library="SeleniumLibrary">
<doc>Types the given ``text`` into text field identified by ``locator``.</doc>
<arguments>
<arg>id=login_login_username</arg>
<arg>${users}</arg>
</arguments>
<msg timestamp="20181103 14:05:18.090" level="INFO">Typing text '['Admin', 'MaharaDemo']' into text field 'id=login_login_username'.</msg>
<kw name="Capture Page Screenshot" library="SeleniumLibrary">
<doc>Takes screenshot of the current page and embeds it into log file.</doc>
<msg timestamp="20181103 14:05:18.403" level="INFO" html="yes">&lt;/td&gt;&lt;/tr&gt;&lt;tr&gt;&lt;td colspan="3"&gt;&lt;a href="selenium-screenshot-10.png"&gt;&lt;img src="selenium-screenshot-10.png" width="800px"&gt;&lt;/a&gt;</msg>
<status status="PASS" starttime="20181103 14:05:18.109" endtime="20181103 14:05:18.403"></status>
</kw>
<msg timestamp="20181103 14:05:18.407" level="FAIL">Element with locator 'id=login_login_username' not found.</msg>
<status status="FAIL" starttime="20181103 14:05:18.090" endtime="20181103 14:05:18.407"></status>
</kw>
<status status="FAIL" starttime="20181103 14:05:18.088" endtime="20181103 14:05:18.407"></status>
</kw>
<kw name="Capture Screenshot And Close Browser" library="Mahara_Keywords" type="teardown">
<kw name="Capture Page Screenshot" library="SeleniumLibrary">
<doc>Takes screenshot of the current page and embeds it into log file.</doc>
<msg timestamp="20181103 14:05:18.690" level="INFO" html="yes">&lt;/td&gt;&lt;/tr&gt;&lt;tr&gt;&lt;td colspan="3"&gt;&lt;a href="selenium-screenshot-11.png"&gt;&lt;img src="selenium-screenshot-11.png" width="800px"&gt;&lt;/a&gt;</msg>
<status status="PASS" starttime="20181103 14:05:18.408" endtime="20181103 14:05:18.690"></status>
</kw>
<kw name="Close Browser" library="SeleniumLibrary">
<doc>Closes the current browser.</doc>
<status status="PASS" starttime="20181103 14:05:18.691" endtime="20181103 14:05:20.800"></status>
</kw>
<status status="PASS" starttime="20181103 14:05:18.408" endtime="20181103 14:05:20.800"></status>
</kw>
<status status="FAIL" starttime="20181103 14:05:13.746" endtime="20181103 14:05:20.801" critical="yes">Element with locator 'id=login_login_username' not found.</status>
</test>
<status status="FAIL" starttime="20181103 14:04:50.147" endtime="20181103 14:05:20.802"></status>
</suite>
<status status="FAIL" starttime="20181103 14:04:50.145" endtime="20181103 14:05:20.805"></status>
</suite>
<status status="FAIL" starttime="20181103 14:04:50.142" endtime="20181103 14:05:20.807"></status>
</suite>
<status status="FAIL" starttime="20181103 14:04:50.139" endtime="20181103 14:05:20.809"></status>
</suite>
<status status="FAIL" starttime="20181103 14:04:50.116" endtime="20181103 14:05:20.811"></status>
</suite>
<statistics>
<total>
<stat pass="1" fail="1">Critical Tests</stat>
<stat pass="1" fail="1">All Tests</stat>
</total>
<tag>
</tag>
<suite>
<stat pass="1" fail="1" id="s1" name="Hackerschool">Hackerschool</stat>
<stat pass="1" fail="1" id="s1-s1" name="Tests">Hackerschool.Tests</stat>
<stat pass="1" fail="1" id="s1-s1-s1" name="Workshop 3">Hackerschool.Tests.Workshop 3</stat>
<stat pass="1" fail="1" id="s1-s1-s1-s1" name="Workshop">Hackerschool.Tests.Workshop 3.Workshop</stat>
<stat pass="1" fail="1" id="s1-s1-s1-s1-s1" name="Mahara Test">Hackerschool.Tests.Workshop 3.Workshop.Mahara Test</stat>
</suite>
</statistics>
<errors>
</errors>
</robot>
