<?xml version="1.0" encoding="UTF-8"?>
<robot generator="Robot 3.0.4 (Python 3.6.6 on win32)" generated="20181103 16:39:39.763">
<suite id="s1" name="Mahara Test" source="C:\Users\User\eclipse-workspace\hackerschool\Tests\Workshop_3\Homework\mahara_test.robot">
<test id="s1-t1" name="Mahara Invalid Login">
<kw name="Open Browser To Mahara" library="Mahara_Keywords" type="setup">
<kw name="Open Browser" library="SeleniumLibrary">
<doc>Opens a new browser instance to the given ``url``.</doc>
<arguments>
<arg>https://demo.mahara.org/</arg>
<arg>chrome</arg>
</arguments>
<msg timestamp="20181103 16:39:40.008" level="INFO">Opening browser 'chrome' to base url 'https://demo.mahara.org/'.</msg>
<status status="PASS" starttime="20181103 16:39:40.008" endtime="20181103 16:39:47.769"></status>
</kw>
<kw name="Maximize Browser Window" library="SeleniumLibrary">
<doc>Maximizes current browser window.</doc>
<status status="PASS" starttime="20181103 16:39:47.769" endtime="20181103 16:39:48.889"></status>
</kw>
<status status="PASS" starttime="20181103 16:39:40.008" endtime="20181103 16:39:48.889"></status>
</kw>
<kw name="Login To Mahara" library="Mahara_Keywords">
<arguments>
<arg>&amp;{USERS}[INVALID]</arg>
<arg>&amp;{PASSWORDS}[INVALID]</arg>
</arguments>
<kw name="Input Text" library="SeleniumLibrary">
<doc>Types the given ``text`` into text field identified by ``locator``.</doc>
<arguments>
<arg>id=login_login_username</arg>
<arg>${users}</arg>
</arguments>
<msg timestamp="20181103 16:39:48.891" level="INFO">Typing text ' Invalid' into text field 'id=login_login_username'.</msg>
<status status="PASS" starttime="20181103 16:39:48.890" endtime="20181103 16:39:49.042"></status>
</kw>
<kw name="Input Password" library="SeleniumLibrary">
<doc>Types the given password into text field identified by ``locator``.</doc>
<arguments>
<arg>name=login_password</arg>
<arg>${passwords}</arg>
</arguments>
<msg timestamp="20181103 16:39:49.042" level="INFO">Typing password into text field 'name=login_password'.</msg>
<status status="PASS" starttime="20181103 16:39:49.042" endtime="20181103 16:39:49.158"></status>
</kw>
<kw name="Click Button" library="SeleniumLibrary">
<doc>Clicks button identified by ``locator``.</doc>
<arguments>
<arg>id=login_submit</arg>
</arguments>
<msg timestamp="20181103 16:39:49.158" level="INFO">Clicking button 'id=login_submit'.</msg>
<status status="PASS" starttime="20181103 16:39:49.158" endtime="20181103 16:39:51.471"></status>
</kw>
<status status="PASS" starttime="20181103 16:39:48.890" endtime="20181103 16:39:51.472"></status>
</kw>
<kw name="Credentials And Form Alerts" library="Mahara_Keywords">
<kw name="Wait Until Page Contains Element" library="SeleniumLibrary">
<doc>Waits until element ``locator`` appears on current page.</doc>
<arguments>
<arg>id=messages</arg>
</arguments>
<status status="PASS" starttime="20181103 16:39:51.472" endtime="20181103 16:39:51.497"></status>
</kw>
<kw name="Page Should Contain" library="SeleniumLibrary">
<doc>Verifies that current page contains ``text``.</doc>
<arguments>
<arg>You have not provided the correct credentials to log in. Please check your username and password are correct.</arg>
</arguments>
<msg timestamp="20181103 16:39:51.520" level="INFO">Current page contains text 'You have not provided the correct credentials to log in. Please check your username and password are correct.'.</msg>
<status status="PASS" starttime="20181103 16:39:51.497" endtime="20181103 16:39:51.520"></status>
</kw>
<kw name="Page Should Contain" library="SeleniumLibrary">
<doc>Verifies that current page contains ``text``.</doc>
<arguments>
<arg>There was an error with submitting this form. Please check the marked fields and try again.</arg>
</arguments>
<msg timestamp="20181103 16:39:51.543" level="INFO">Current page contains text 'There was an error with submitting this form. Please check the marked fields and try again.'.</msg>
<status status="PASS" starttime="20181103 16:39:51.520" endtime="20181103 16:39:51.543"></status>
</kw>
<status status="PASS" starttime="20181103 16:39:51.472" endtime="20181103 16:39:51.543"></status>
</kw>
<kw name="Capture Screenshot And Close Browser" library="Mahara_Keywords" type="teardown">
<kw name="Capture Page Screenshot" library="SeleniumLibrary">
<doc>Takes screenshot of the current page and embeds it into log file.</doc>
<msg timestamp="20181103 16:39:51.899" level="INFO" html="yes">&lt;/td&gt;&lt;/tr&gt;&lt;tr&gt;&lt;td colspan="3"&gt;&lt;a href="selenium-screenshot-27.png"&gt;&lt;img src="selenium-screenshot-27.png" width="800px"&gt;&lt;/a&gt;</msg>
<status status="PASS" starttime="20181103 16:39:51.544" endtime="20181103 16:39:51.900"></status>
</kw>
<kw name="Close Browser" library="SeleniumLibrary">
<doc>Closes the current browser.</doc>
<status status="PASS" starttime="20181103 16:39:51.900" endtime="20181103 16:39:54.034"></status>
</kw>
<status status="PASS" starttime="20181103 16:39:51.544" endtime="20181103 16:39:54.034"></status>
</kw>
<status status="PASS" starttime="20181103 16:39:40.007" endtime="20181103 16:39:54.035" critical="yes"></status>
</test>
<test id="s1-t2" name="Mahara Admin Login">
<kw name="Open Browser To Mahara" library="Mahara_Keywords" type="setup">
<kw name="Open Browser" library="SeleniumLibrary">
<doc>Opens a new browser instance to the given ``url``.</doc>
<arguments>
<arg>https://demo.mahara.org/</arg>
<arg>chrome</arg>
</arguments>
<msg timestamp="20181103 16:39:54.038" level="INFO">Opening browser 'chrome' to base url 'https://demo.mahara.org/'.</msg>
<status status="PASS" starttime="20181103 16:39:54.038" endtime="20181103 16:40:01.883"></status>
</kw>
<kw name="Maximize Browser Window" library="SeleniumLibrary">
<doc>Maximizes current browser window.</doc>
<status status="PASS" starttime="20181103 16:40:01.883" endtime="20181103 16:40:03.010"></status>
</kw>
<status status="PASS" starttime="20181103 16:39:54.037" endtime="20181103 16:40:03.010"></status>
</kw>
<kw name="Login To Mahara" library="Mahara_Keywords">
<arguments>
<arg>&amp;{USERS}[ADMIN]</arg>
<arg>&amp;{PASSWORDS}[VALID]</arg>
</arguments>
<kw name="Input Text" library="SeleniumLibrary">
<doc>Types the given ``text`` into text field identified by ``locator``.</doc>
<arguments>
<arg>id=login_login_username</arg>
<arg>${users}</arg>
</arguments>
<msg timestamp="20181103 16:40:03.012" level="INFO">Typing text 'Admin' into text field 'id=login_login_username'.</msg>
<status status="PASS" starttime="20181103 16:40:03.012" endtime="20181103 16:40:03.150"></status>
</kw>
<kw name="Input Password" library="SeleniumLibrary">
<doc>Types the given password into text field identified by ``locator``.</doc>
<arguments>
<arg>name=login_password</arg>
<arg>${passwords}</arg>
</arguments>
<msg timestamp="20181103 16:40:03.150" level="INFO">Typing password into text field 'name=login_password'.</msg>
<status status="PASS" starttime="20181103 16:40:03.150" endtime="20181103 16:40:03.283"></status>
</kw>
<kw name="Click Button" library="SeleniumLibrary">
<doc>Clicks button identified by ``locator``.</doc>
<arguments>
<arg>id=login_submit</arg>
</arguments>
<msg timestamp="20181103 16:40:03.283" level="INFO">Clicking button 'id=login_submit'.</msg>
<status status="PASS" starttime="20181103 16:40:03.283" endtime="20181103 16:40:07.349"></status>
</kw>
<status status="PASS" starttime="20181103 16:40:03.011" endtime="20181103 16:40:07.349"></status>
</kw>
<kw name="Admin Should Be Logged" library="Mahara_Keywords">
<kw name="Page Should Contain Link" library="SeleniumLibrary">
<doc>Verifies link identified by ``locator`` is found from current page.</doc>
<arguments>
<arg>xpath=//*[contains(@href, 'https://demo.mahara.org/user/james-jetts') and contains(@class, 'username')]</arg>
</arguments>
<msg timestamp="20181103 16:40:07.378" level="INFO">Current page contains link 'xpath=//*[contains(@href, 'https://demo.mahara.org/user/james-jetts') and contains(@class, 'username')]'.</msg>
<status status="PASS" starttime="20181103 16:40:07.350" endtime="20181103 16:40:07.378"></status>
</kw>
<kw name="Page Should Contain Element" library="SeleniumLibrary">
<doc>Verifies that element ``locator`` is found on the current page.</doc>
<arguments>
<arg>xpath=//a[@class="user-icon"]</arg>
</arguments>
<msg timestamp="20181103 16:40:07.399" level="INFO">Current page contains element 'xpath=//a[@class="user-icon"]'.</msg>
<status status="PASS" starttime="20181103 16:40:07.378" endtime="20181103 16:40:07.399"></status>
</kw>
<status status="PASS" starttime="20181103 16:40:07.350" endtime="20181103 16:40:07.399"></status>
</kw>
<kw name="Capture Screenshot And Close Browser" library="Mahara_Keywords" type="teardown">
<kw name="Capture Page Screenshot" library="SeleniumLibrary">
<doc>Takes screenshot of the current page and embeds it into log file.</doc>
<msg timestamp="20181103 16:40:07.766" level="INFO" html="yes">&lt;/td&gt;&lt;/tr&gt;&lt;tr&gt;&lt;td colspan="3"&gt;&lt;a href="selenium-screenshot-28.png"&gt;&lt;img src="selenium-screenshot-28.png" width="800px"&gt;&lt;/a&gt;</msg>
<status status="PASS" starttime="20181103 16:40:07.400" endtime="20181103 16:40:07.766"></status>
</kw>
<kw name="Close Browser" library="SeleniumLibrary">
<doc>Closes the current browser.</doc>
<status status="PASS" starttime="20181103 16:40:07.766" endtime="20181103 16:40:09.899"></status>
</kw>
<status status="PASS" starttime="20181103 16:40:07.400" endtime="20181103 16:40:09.899"></status>
</kw>
<status status="PASS" starttime="20181103 16:39:54.037" endtime="20181103 16:40:09.900" critical="yes"></status>
</test>
<status status="PASS" starttime="20181103 16:39:39.766" endtime="20181103 16:40:09.902"></status>
</suite>
<statistics>
<total>
<stat pass="2" fail="0">Critical Tests</stat>
<stat pass="2" fail="0">All Tests</stat>
</total>
<tag>
</tag>
<suite>
<stat pass="2" fail="0" id="s1" name="Mahara Test">Mahara Test</stat>
</suite>
</statistics>
<errors>
</errors>
</robot>
