<?xml version="1.0" encoding="UTF-8"?>
<robot generator="Robot 3.0.4 (Python 3.6.6 on win32)" generated="20181112 18:27:09.516">
<suite id="s1" name="Api Tests" source="C:\Users\User\eclipse-workspace\hackerschool\Tests\Workshop_5\Workshop\Api_Tests.robot">
<test id="s1-t1" name="Simple Get">
<kw name="Get" library="REST">
<tags>
<tag>http</tag>
</tags>
<doc>*Sends a GET request to the endpoint.*</doc>
<arguments>
<arg>/url</arg>
</arguments>
<status status="PASS" starttime="20181112 18:27:09.931" endtime="20181112 18:27:10.583"></status>
</kw>
<kw name="Output" library="REST">
<tags>
<tag>I/O</tag>
</tags>
<doc>*Outputs JSON to terminal or a file.*</doc>
<arguments>
<arg>Response</arg>
</arguments>
<msg timestamp="20181112 18:27:10.584" level="INFO">
"Response"</msg>
<status status="PASS" starttime="20181112 18:27:10.584" endtime="20181112 18:27:10.599"></status>
</kw>
<status status="PASS" starttime="20181112 18:27:09.931" endtime="20181112 18:27:10.600" critical="yes"></status>
</test>
<status status="PASS" starttime="20181112 18:27:09.518" endtime="20181112 18:27:10.601"></status>
</suite>
<statistics>
<total>
<stat pass="1" fail="0">Critical Tests</stat>
<stat pass="1" fail="0">All Tests</stat>
</total>
<tag>
</tag>
<suite>
<stat pass="1" fail="0" id="s1" name="Api Tests">Api Tests</stat>
</suite>
</statistics>
<errors>
</errors>
</robot>
