<?xml version="1.0" encoding="UTF-8"?>
<robot generator="Robot 3.0.4 (Python 3.6.6 on win32)" generated="20181029 19:35:09.345">
<suite id="s1" name="Mahara Test" source="C:\Users\User\eclipse-workspace\hackerschool\Tests\Workshop_3\Workshop\mahara_test.robot">
<test id="s1-t1" name="Mahara Admin Login">
<kw name="Open Browser" library="SeleniumLibrary">
<doc>Opens a new browser instance to the given ``url``.</doc>
<arguments>
<arg>https://demo.mahara.org/</arg>
<arg>chrome</arg>
</arguments>
<msg timestamp="20181029 19:35:09.560" level="INFO">Opening browser 'chrome' to base url 'https://demo.mahara.org/'.</msg>
<status status="PASS" starttime="20181029 19:35:09.560" endtime="20181029 19:35:16.828"></status>
</kw>
<kw name="Maximize Browser Window" library="SeleniumLibrary">
<doc>Maximizes current browser window.</doc>
<status status="PASS" starttime="20181029 19:35:16.829" endtime="20181029 19:35:17.960"></status>
</kw>
<kw name="Input Text" library="SeleniumLibrary">
<doc>Types the given ``text`` into text field identified by ``locator``.</doc>
<arguments>
<arg>id=login_login_username</arg>
<arg>admin</arg>
</arguments>
<msg timestamp="20181029 19:35:17.962" level="INFO">Typing text 'admin' into text field 'id=login_login_username'.</msg>
<status status="PASS" starttime="20181029 19:35:17.961" endtime="20181029 19:35:18.078"></status>
</kw>
<kw name="Input Password" library="SeleniumLibrary">
<doc>Types the given password into text field identified by ``locator``.</doc>
<arguments>
<arg>name=login_password</arg>
<arg>MaharaDemo</arg>
</arguments>
<msg timestamp="20181029 19:35:18.079" level="INFO">Typing password into text field 'name=login_password'.</msg>
<status status="PASS" starttime="20181029 19:35:18.079" endtime="20181029 19:35:18.201"></status>
</kw>
<kw name="Click Button" library="SeleniumLibrary">
<doc>Clicks button identified by ``locator``.</doc>
<arguments>
<arg>id=login_submit</arg>
</arguments>
<msg timestamp="20181029 19:35:18.201" level="INFO">Clicking button 'id=login_submit'.</msg>
<status status="PASS" starttime="20181029 19:35:18.201" endtime="20181029 19:35:21.697"></status>
</kw>
<kw name="Page Should Contain Link" library="SeleniumLibrary">
<doc>Verifies link identified by ``locator`` is found from current page.</doc>
<arguments>
<arg>https://demo.mahara.org/user/james-jetts</arg>
</arguments>
<msg timestamp="20181029 19:35:21.726" level="INFO">Current page contains link 'https://demo.mahara.org/user/james-jetts'.</msg>
<status status="PASS" starttime="20181029 19:35:21.697" endtime="20181029 19:35:21.726"></status>
</kw>
<kw name="Page Should Contain Element" library="SeleniumLibrary">
<doc>Verifies that element ``locator`` is found on the current page.</doc>
<arguments>
<arg>xpath=//a[@class="user-icon"]</arg>
</arguments>
<msg timestamp="20181029 19:35:21.745" level="INFO">Current page contains element 'xpath=//a[@class="user-icon"]'.</msg>
<status status="PASS" starttime="20181029 19:35:21.727" endtime="20181029 19:35:21.745"></status>
</kw>
<kw name="Capture Page Screenshot" library="SeleniumLibrary">
<doc>Takes screenshot of the current page and embeds it into log file.</doc>
<msg timestamp="20181029 19:35:22.112" level="INFO" html="yes">&lt;/td&gt;&lt;/tr&gt;&lt;tr&gt;&lt;td colspan="3"&gt;&lt;a href="selenium-screenshot-8.png"&gt;&lt;img src="selenium-screenshot-8.png" width="800px"&gt;&lt;/a&gt;</msg>
<status status="PASS" starttime="20181029 19:35:21.745" endtime="20181029 19:35:22.112"></status>
</kw>
<kw name="Close Browser" library="SeleniumLibrary">
<doc>Closes the current browser.</doc>
<status status="PASS" starttime="20181029 19:35:22.113" endtime="20181029 19:35:24.242"></status>
</kw>
<status status="PASS" starttime="20181029 19:35:09.558" endtime="20181029 19:35:24.243" critical="yes"></status>
</test>
<status status="PASS" starttime="20181029 19:35:09.347" endtime="20181029 19:35:24.245"></status>
</suite>
<statistics>
<total>
<stat pass="1" fail="0">Critical Tests</stat>
<stat pass="1" fail="0">All Tests</stat>
</total>
<tag>
</tag>
<suite>
<stat pass="1" fail="0" id="s1" name="Mahara Test">Mahara Test</stat>
</suite>
</statistics>
<errors>
</errors>
</robot>
